<?xml version="1.0" encoding="UTF-8"?>
<testng-results ignored="0" total="1" passed="1" failed="0" skipped="0">
  <reporter-output>
  </reporter-output>
  <suite started-at="2022-02-08T15:38:08 IST" name="Default suite" finished-at="2022-02-08T15:38:08 IST" duration-ms="61">
    <groups>
    </groups>
    <test started-at="2022-02-08T15:38:08 IST" name="Default test" finished-at="2022-02-08T15:38:08 IST" duration-ms="61">
      <class name="com.hotelBooking.Testng">
        <test-method signature="men()[pri:0, instance:com.hotelBooking.Testng@2beee7ff]" started-at="2022-02-08T15:38:08 IST" name="men" finished-at="2022-02-08T15:38:08 IST" duration-ms="14" status="PASS">
          <reporter-output>
          </reporter-output>
        </test-method> <!-- men -->
      </class> <!-- com.hotelBooking.Testng -->
    </test> <!-- Default test -->
  </suite> <!-- Default suite -->
</testng-results>
